Using pre-set license
Built from '2020.3/release' branch; Version is '2020.3.27f1 (e759542391ea) revision 15161684'; Using compiler version '192528614'; Build Type 'Release'
OS: 'Windows 11  (10.0.22631) 64bit CoreSingleLanguage' Language: 'pt' Physical Memory: 24355 MB
BatchMode: 1, IsHumanControllingUs: 0, StartBugReporterOnCrash: 0, Is64bit: 1, IsPro: 0

COMMAND LINE ARGUMENTS:
C:\Program Files\Unity\Hub\Editor\2020.3.27f1\Editor\Unity.exe
-adb2
-batchMode
-noUpm
-name
AssetImportWorker1
-projectPath
C:/Users/carlo/OneDrive/Documentos/IFES/IC - Gustavo maia/Jogos/DesafioMatem치tico
-logFile
Logs/AssetImportWorker1.log
-srvPort
51242
Successfully changed project path to: C:/Users/carlo/OneDrive/Documentos/IFES/IC - Gustavo maia/Jogos/DesafioMatem치tico
C:/Users/carlo/OneDrive/Documentos/IFES/IC - Gustavo maia/Jogos/DesafioMatem치tico
Using Asset Import Pipeline V2.
Refreshing native plugins compatible for Editor in 40.14 ms, found 3 plugins.
Preloading 0 native plugins for Editor in 0.00 ms.
Initialize engine version: 2020.3.27f1 (e759542391ea)
[Subsystems] Discovering subsystems at path C:/Program Files/Unity/Hub/Editor/2020.3.27f1/Editor/Data/Resources/UnitySubsystems
[Subsystems] Discovering subsystems at path C:/Users/carlo/OneDrive/Documentos/IFES/IC - Gustavo maia/Jogos/DesafioMatem치tico/Assets
GfxDevice: creating device client; threaded=0
Direct3D:
    Version:  Direct3D 11.0 [level 11.1]
    Renderer: NVIDIA GeForce GTX 1650 (ID=0x1f9d)
    Vendor:   
    VRAM:     3937 MB
    Driver:   32.0.15.6636
Initialize mono
Mono path[0] = 'C:/Program Files/Unity/Hub/Editor/2020.3.27f1/Editor/Data/Managed'
Mono path[1] = 'C:/Program Files/Unity/Hub/Editor/2020.3.27f1/Editor/Data/MonoBleedingEdge/lib/mono/unityjit'
Mono config path = 'C:/Program Files/Unity/Hub/Editor/2020.3.27f1/Editor/Data/MonoBleedingEdge/etc'
Using monoOptions --debugger-agent=transport=dt_socket,embedding=1,server=y,suspend=n,address=127.0.0.1:56296
Begin MonoManager ReloadAssembly
Registering precompiled unity dll's ...
Register platform support module: C:/Program Files/Unity/Hub/Editor/2020.3.27f1/Editor/Data/PlaybackEngines/WebGLSupport/UnityEditor.WebGL.Extensions.dll
Register platform support module: C:/Program Files/Unity/Hub/Editor/2020.3.27f1/Editor/Data/PlaybackEngines/WindowsStandaloneSupport/UnityEditor.WindowsStandalone.Extensions.dll
Registered in 0.001371 seconds.
Native extension for WindowsStandalone target not found
Native extension for WebGL target not found
Refreshing native plugins compatible for Editor in 44.76 ms, found 3 plugins.
Preloading 0 native plugins for Editor in 0.00 ms.
Mono: successfully reloaded assembly
- Completed reload, in  0.539 seconds
Domain Reload Profiling:
	ReloadAssembly (539ms)
		BeginReloadAssembly (53ms)
			ExecutionOrderSort (0ms)
			DisableScriptedObjects (0ms)
			BackupInstance (0ms)
			ReleaseScriptingObjects (0ms)
			CreateAndSetChildDomain (1ms)
		EndReloadAssembly (426ms)
			LoadAssemblies (52ms)
			RebuildTransferFunctionScriptingTraits (0ms)
			SetupTypeCache (122ms)
			ReleaseScriptCaches (0ms)
			RebuildScriptCaches (44ms)
			SetupLoadedEditorAssemblies (160ms)
				LogAssemblyErrors (0ms)
				InitializePlatformSupportModulesInManaged (7ms)
				SetLoadedEditorAssemblies (0ms)
				RefreshPlugins (45ms)
				BeforeProcessingInitializeOnLoad (11ms)
				ProcessInitializeOnLoadAttributes (71ms)
				ProcessInitializeOnLoadMethodAttributes (25ms)
				AfterProcessingInitializeOnLoad (0ms)
				EditorAssembliesLoaded (0ms)
			ExecutionOrderSort2 (0ms)
			AwakeInstancesAfterBackupRestoration (0ms)
Platform modules already initialized, skipping
Registering precompiled user dll's ...
Registered in 0.003205 seconds.
Begin MonoManager ReloadAssembly
Native extension for WindowsStandalone target not found
Native extension for WebGL target not found
Refreshing native plugins compatible for Editor in 40.34 ms, found 3 plugins.
Preloading 0 native plugins for Editor in 0.00 ms.
Mono: successfully reloaded assembly
- Completed reload, in  2.320 seconds
Domain Reload Profiling:
	ReloadAssembly (2329ms)
		BeginReloadAssembly (120ms)
			ExecutionOrderSort (0ms)
			DisableScriptedObjects (4ms)
			BackupInstance (0ms)
			ReleaseScriptingObjects (0ms)
			CreateAndSetChildDomain (19ms)
		EndReloadAssembly (2153ms)
			LoadAssemblies (619ms)
			RebuildTransferFunctionScriptingTraits (0ms)
			SetupTypeCache (257ms)
			ReleaseScriptCaches (0ms)
			RebuildScriptCaches (39ms)
			SetupLoadedEditorAssemblies (1136ms)
				LogAssemblyErrors (0ms)
				InitializePlatformSupportModulesInManaged (4ms)
				SetLoadedEditorAssemblies (0ms)
				RefreshPlugins (41ms)
				BeforeProcessingInitializeOnLoad (67ms)
				ProcessInitializeOnLoadAttributes (182ms)
				ProcessInitializeOnLoadMethodAttributes (839ms)
				AfterProcessingInitializeOnLoad (3ms)
				EditorAssembliesLoaded (0ms)
			ExecutionOrderSort2 (0ms)
			AwakeInstancesAfterBackupRestoration (5ms)
Platform modules already initialized, skipping
========================================================================
Worker process is ready to serve import requests
Launched and connected shader compiler UnityShaderCompiler.exe after 0.04 seconds
Refreshing native plugins compatible for Editor in 0.50 ms, found 3 plugins.
Preloading 0 native plugins for Editor in 0.00 ms.
Unloading 2197 Unused Serialized files (Serialized files now loaded: 0)
System memory in use before: 96.6 MB.
System memory in use after: 96.7 MB.

Unloading 28 unused Assets to reduce memory usage. Loaded Objects now: 2630.
Total: 2.731300 ms (FindLiveObjects: 0.150800 ms CreateObjectMapping: 0.037400 ms MarkObjects: 2.428600 ms  DeleteObjects: 0.113000 ms)

AssetImportParameters requested are different than current active one (requested -> active):
  custom:framework-win-MediaFoundation: 216162199b28c13a410421893ffa2e32 -> 
  custom:video-decoder-ogg-theora: a1e56fd34408186e4bbccfd4996cb3dc -> 
  custom:container-muxer-webm: aa71ff27fc2769a1b78a27578f13a17b -> 
  custom:container-demuxer-webm: 4f35f7cbe854078d1ac9338744f61a02 -> 
  custom:container-demuxer-ogg: 62fdf1f143b41e24485cea50d1cbac27 -> 
  custom:video-encoder-webm-vp8: eb34c28f22e8b96e1ab97ce403110664 -> 
  custom:video-decoder-webm-vp8: 9c59270c3fd7afecdb556c50c9e8de78 -> 
  custom:audio-decoder-ogg-vorbis: bf7c407c2cedff20999df2af8eb42d56 -> 
  custom:audio-encoder-webm-vorbis: bf7c407c2cedff20999df2af8eb42d56 -> 
========================================================================
Received Import Request.
  path: Assets/Sprites/Tilemap
  artifactKey: Guid(251cd30e09137dd4689f27edf11325d5) Importer(815301076,1909f56bfc062723c751e8b465ee728b)
Start importing Assets/Sprites/Tilemap using Guid(251cd30e09137dd4689f27edf11325d5) Importer(815301076,1909f56bfc062723c751e8b465ee728b)  -> (artifact id: 'ccc0b21bac7cc635f62fc2487671c9b2') in 0.013666 seconds 
  Import took 0.016917 seconds .

========================================================================
Received Import Request.
  Time since last request: 49.595038 seconds.
  path: Assets/Sprites/Tilemap/decorative_cracks_coasts_animation.png
  artifactKey: Guid(3c01f554305433744949afe620e4f899) Importer(815301076,1909f56bfc062723c751e8b465ee728b)
Start importing Assets/Sprites/Tilemap/decorative_cracks_coasts_animation.png using Guid(3c01f554305433744949afe620e4f899) Importer(815301076,1909f56bfc062723c751e8b465ee728b)  -> (artifact id: '253baa67b7919b3be83df22acd1b3182') in 0.138393 seconds 
  Import took 0.142303 seconds .

========================================================================
Received Import Request.
  Time since last request: 0.000234 seconds.
  path: Assets/Sprites/Tilemap/decorative_cracks_floor.png
  artifactKey: Guid(b2f572ed4e46a0b49875b3dd3a21a672) Importer(815301076,1909f56bfc062723c751e8b465ee728b)
Start importing Assets/Sprites/Tilemap/decorative_cracks_floor.png using Guid(b2f572ed4e46a0b49875b3dd3a21a672) Importer(815301076,1909f56bfc062723c751e8b465ee728b)  -> (artifact id: 'fe5b2ad44115a3dc7c9b2ea7e7bd8366') in 0.023646 seconds 
  Import took 0.027519 seconds .

========================================================================
Received Import Request.
  Time since last request: 0.000208 seconds.
  path: Assets/Sprites/Tilemap/decorative_cracks_walls.png
  artifactKey: Guid(4c4d6ed538a754d458f1ed108210b27f) Importer(815301076,1909f56bfc062723c751e8b465ee728b)
Start importing Assets/Sprites/Tilemap/decorative_cracks_walls.png using Guid(4c4d6ed538a754d458f1ed108210b27f) Importer(815301076,1909f56bfc062723c751e8b465ee728b)  -> (artifact id: '0d8fdf305d17c4becd235ec9842703e8') in 0.023987 seconds 
  Import took 0.028019 seconds .

========================================================================
Received Import Request.
  Time since last request: 0.000360 seconds.
  path: Assets/Sprites/Tilemap/trap_animation.png
  artifactKey: Guid(1b81cf86c3e077443ba3749aa97738e7) Importer(815301076,1909f56bfc062723c751e8b465ee728b)
Start importing Assets/Sprites/Tilemap/trap_animation.png using Guid(1b81cf86c3e077443ba3749aa97738e7) Importer(815301076,1909f56bfc062723c751e8b465ee728b)  -> (artifact id: '4b8861bdeb7cc5e4fea6052bd1112076') in 0.023356 seconds 
  Import took 0.027132 seconds .

========================================================================
Received Import Request.
  Time since last request: 0.000268 seconds.
  path: Assets/Sprites/Tilemap/doors_lever_chest_animation.png
  artifactKey: Guid(661374c56389183448dd7c233af1f544) Importer(815301076,1909f56bfc062723c751e8b465ee728b)
Start importing Assets/Sprites/Tilemap/doors_lever_chest_animation.png using Guid(661374c56389183448dd7c233af1f544) Importer(815301076,1909f56bfc062723c751e8b465ee728b)  -> (artifact id: '6511b40f6c883db1c702374209deb91a') in 0.028068 seconds 
  Import took 0.032760 seconds .

========================================================================
Received Import Request.
  Time since last request: 0.000235 seconds.
  path: Assets/Sprites/Tilemap/fire_animation.png
  artifactKey: Guid(b1971053b9f91e74e9c031100bfb9365) Importer(815301076,1909f56bfc062723c751e8b465ee728b)
Start importing Assets/Sprites/Tilemap/fire_animation.png using Guid(b1971053b9f91e74e9c031100bfb9365) Importer(815301076,1909f56bfc062723c751e8b465ee728b)  -> (artifact id: 'b801582f3a7812e63db4798534bc94b4') in 0.024307 seconds 
  Import took 0.028172 seconds .

========================================================================
Received Import Request.
  Time since last request: 0.000253 seconds.
  path: Assets/Sprites/Tilemap/walls_floor.png
  artifactKey: Guid(f7b182e8ff621d645981ada82ae48295) Importer(815301076,1909f56bfc062723c751e8b465ee728b)
Start importing Assets/Sprites/Tilemap/walls_floor.png using Guid(f7b182e8ff621d645981ada82ae48295) Importer(815301076,1909f56bfc062723c751e8b465ee728b)  -> (artifact id: 'b63da4cea418bdc052fa81cd2fe1f8b1') in 0.024848 seconds 
  Import took 0.029074 seconds .

========================================================================
Received Import Request.
  Time since last request: 0.000253 seconds.
  path: Assets/Sprites/Tilemap/Objects.png
  artifactKey: Guid(55e0fa26406b19646bfbd3a700bdbe9e) Importer(815301076,1909f56bfc062723c751e8b465ee728b)
Start importing Assets/Sprites/Tilemap/Objects.png using Guid(55e0fa26406b19646bfbd3a700bdbe9e) Importer(815301076,1909f56bfc062723c751e8b465ee728b)  -> (artifact id: '62a85b7b30dd92e7638fabb2faf82581') in 0.019634 seconds 
  Import took 0.023531 seconds .

========================================================================
Received Import Request.
  Time since last request: 0.000222 seconds.
  path: Assets/Sprites/Tilemap/Water_coasts_animation.png
  artifactKey: Guid(1725ca914dea3fe48bffc679d03c8512) Importer(815301076,1909f56bfc062723c751e8b465ee728b)
Start importing Assets/Sprites/Tilemap/Water_coasts_animation.png using Guid(1725ca914dea3fe48bffc679d03c8512) Importer(815301076,1909f56bfc062723c751e8b465ee728b)  -> (artifact id: '2189ac947b080f5e60ef251787ac4a7f') in 0.022275 seconds 
  Import took 0.025822 seconds .

========================================================================
Received Import Request.
  Time since last request: 0.000231 seconds.
  path: Assets/Sprites/Tilemap/fire_animation2.png
  artifactKey: Guid(01a8672f4c79fa24380b4837f071ad60) Importer(815301076,1909f56bfc062723c751e8b465ee728b)
Start importing Assets/Sprites/Tilemap/fire_animation2.png using Guid(01a8672f4c79fa24380b4837f071ad60) Importer(815301076,1909f56bfc062723c751e8b465ee728b)  -> (artifact id: '29cd5b85eecd6e1b693ebe153b6d4d39') in 0.018263 seconds 
  Import took 0.021753 seconds .

========================================================================
Received Import Request.
  Time since last request: 0.000272 seconds.
  path: Assets/Sprites/Tilemap/water_detilazation_v2.png
  artifactKey: Guid(2d6fcd8d95de3ab4bbae361dd4304580) Importer(815301076,1909f56bfc062723c751e8b465ee728b)
Start importing Assets/Sprites/Tilemap/water_detilazation_v2.png using Guid(2d6fcd8d95de3ab4bbae361dd4304580) Importer(815301076,1909f56bfc062723c751e8b465ee728b)  -> (artifact id: 'e35caa8100b10656a9a6f8a2e610942d') in 0.021353 seconds 
  Import took 0.024680 seconds .

========================================================================
Received Import Request.
  Time since last request: 25.225388 seconds.
  path: Assets/Sprites/Tilemap/New Palette.prefab
  artifactKey: Guid(bb11730b14e2c8f44a20789b094e35b5) Importer(815301076,1909f56bfc062723c751e8b465ee728b)
Start importing Assets/Sprites/Tilemap/New Palette.prefab using Guid(bb11730b14e2c8f44a20789b094e35b5) Importer(815301076,1909f56bfc062723c751e8b465ee728b)  -> (artifact id: '37da55c92e35a8804d3aa6b8b9c5e127') in 0.050113 seconds 
  Import took 0.054691 seconds .

========================================================================
Received Import Request.
  Time since last request: 14.040346 seconds.
  path: Assets/Sprites/Tilemap/walls_floor.png
  artifactKey: Guid(f7b182e8ff621d645981ada82ae48295) Importer(815301076,1909f56bfc062723c751e8b465ee728b)
Start importing Assets/Sprites/Tilemap/walls_floor.png using Guid(f7b182e8ff621d645981ada82ae48295) Importer(815301076,1909f56bfc062723c751e8b465ee728b)  -> (artifact id: 'f105d68eef864f39227a6b484165ca8b') in 0.015683 seconds 
  Import took 0.019198 seconds .

